{
  "/github/workspace/src/index.ts": {
    "path": "/github/workspace/src/index.ts",
    "statementMap": {
      "0": {"start": {"line": 1, "column": 0}, "end": {"line": 1, "column": 30}},
      "1": {"start": {"line": 2, "column": 0}, "end": {"line": 2, "column": 30}}
    },
    "fnMap": {
      "0": {"name": "main", "decl": {"start": {"line": 1, "column": 0}, "end": {"line": 1, "column": 10}}, "loc": {"start": {"line": 1, "column": 0}, "end": {"line": 5, "column": 1}}, "line": 1}
    },
    "branchMap": {},
    "s": {"0": 1, "1": 1},
    "f": {"0": 1},
    "b": {}
  },
  "/github/workspace/src/utils.ts": {
    "path": "/github/workspace/src/utils.ts",
    "statementMap": {
      "0": {"start": {"line": 1, "column": 0}, "end": {"line": 1, "column": 30}}
    },
    "fnMap": {
      "0": {"name": "helper", "decl": {"start": {"line": 1, "column": 0}, "end": {"line": 1, "column": 10}}, "loc": {"start": {"line": 1, "column": 0}, "end": {"line": 3, "column": 1}}, "line": 1}
    },
    "branchMap": {},
    "s": {"0": 1},
    "f": {"0": 1},
    "b": {}
  }
}
